app/build/outputs/logs/manifest-merger-debug-report.txt
-- Merging decision tree log ---
manifest
ADDED from src\main\AndroidManifest.xml:17:1-97:12
INJECTED from src\main\AndroidManifest.xml:17:1-97:12
INJECTED from src\main\AndroidManifest.xml:17:1-97:12
INJECTED from src\main\AndroidManifest.xml:17:1-97:12
MERGED from [:qrlib] AndroidManifest.xml:2:1-76:12
INJECTED from src\main\AndroidManifest.xml:17:1-97:12
INJECTED from src\main\AndroidManifest.xml:17:1-97:12
INJECTED from src\main\AndroidManifest.xml:17:1-97:12
	package
		ADDED from src\main\AndroidManifest.xml:18:11-43
		INJECTED from src\main\AndroidManifest.xml
		INJECTED from src\main\AndroidManifest.xml
	android:versionName
		ADDED from src\main\AndroidManifest.xml:19:11-38
		INJECTED from src\main\AndroidManifest.xml
		INJECTED from src\main\AndroidManifest.xml
	xmlns:android
		ADDED from src\main\AndroidManifest.xml:17:11-69
	android:versionCode
		ADDED from src\main\AndroidManifest.xml:20:11-36
		INJECTED from src\main\AndroidManifest.xml
		INJECTED from src\main\AndroidManifest.xml
	android:installLocation
		ADDED from src\main\AndroidManifest.xml:21:11-41
application
ADDED from src\main\AndroidManifest.xml:25:3-96:17
MERGED from [:qrlib] AndroidManifest.xml:35:5-74:19
MERGED from [:qrlib] AndroidManifest.xml:35:5-74:19
	android:label
		ADDED from src\main\AndroidManifest.xml:27:16-48
	android:icon
		ADDED from src\main\AndroidManifest.xml:25:16-54
	android:allowBackup
		ADDED from src\main\AndroidManifest.xml:28:16-42
	android:logo
		ADDED from src\main\AndroidManifest.xml:26:16-54
activity#com.kaixinlian.wjs.com.CaptureActivity
ADDED from src\main\AndroidManifest.xml:29:5-67:16
	android:screenOrientation
		ADDED from src\main\AndroidManifest.xml:30:9-52
	android:clearTaskOnLaunch
		ADDED from src\main\AndroidManifest.xml:31:9-41
	android:stateNotNeeded
		ADDED from src\main\AndroidManifest.xml:32:9-38
	android:windowSoftInputMode
		ADDED from src\main\AndroidManifest.xml:34:9-56
	android:theme
		ADDED from src\main\AndroidManifest.xml:33:9-44
	android:name
		ADDED from src\main\AndroidManifest.xml:29:15-68
intent-filter#action:name:com.google.zxing.client.android.SCAN+category:name:android.intent.category.DEFAULT
ADDED from src\main\AndroidManifest.xml:35:7-38:23
action#com.google.zxing.client.android.SCAN
ADDED from src\main\AndroidManifest.xml:36:9-70
	android:name
		ADDED from src\main\AndroidManifest.xml:36:17-68
category#android.intent.category.DEFAULT
ADDED from src\main\AndroidManifest.xml:37:9-67
	android:name
		ADDED from src\main\AndroidManifest.xml:37:19-65
intent-filter#action:name:android.intent.action.VIEW+category:name:android.intent.category.BROWSABLE+category:name:android.intent.category.DEFAULT+data:host:zxing.appspot.com+data:path:/scan+data:scheme:http
ADDED from src\main\AndroidManifest.xml:40:7-45:23
action#android.intent.action.VIEW
ADDED from src\main\AndroidManifest.xml:41:9-60
	android:name
		ADDED from src\main\AndroidManifest.xml:41:17-58
category#android.intent.category.BROWSABLE
ADDED from src\main\AndroidManifest.xml:43:9-69
	android:name
		ADDED from src\main\AndroidManifest.xml:43:19-67
data
ADDED from src\main\AndroidManifest.xml:44:9-92
	android:path
		ADDED from src\main\AndroidManifest.xml:44:70-90
	android:host
		ADDED from src\main\AndroidManifest.xml:44:37-69
	android:scheme
		ADDED from src\main\AndroidManifest.xml:44:15-36
	android:mimeType
		ADDED from src\main\AndroidManifest.xml:78:15-46
intent-filter#action:name:android.intent.action.VIEW+category:name:android.intent.category.BROWSABLE+category:name:android.intent.category.DEFAULT+data:host:www.google.com+data:path:/m/products/scan+data:scheme:http
ADDED from src\main\AndroidManifest.xml:47:7-52:23
intent-filter#action:name:android.intent.action.VIEW+category:name:android.intent.category.BROWSABLE+category:name:android.intent.category.DEFAULT+data:host:www.google.co.uk+data:path:/m/products/scan+data:scheme:http
ADDED from src\main\AndroidManifest.xml:54:7-59:23
intent-filter#action:name:android.intent.action.VIEW+category:name:android.intent.category.BROWSABLE+category:name:android.intent.category.DEFAULT+data:host:scan+data:path:/+data:scheme:zxing
ADDED from src\main\AndroidManifest.xml:61:7-66:23
activity#com.kaixinlian.wjs.com.EncodeActivity
ADDED from src\main\AndroidManifest.xml:68:5-86:16
	android:stateNotNeeded
		ADDED from src\main\AndroidManifest.xml:69:9-38
	android:name
		ADDED from src\main\AndroidManifest.xml:68:15-67
intent-filter#action:name:com.google.zxing.client.android.ENCODE+category:name:android.intent.category.DEFAULT
ADDED from src\main\AndroidManifest.xml:70:7-73:23
action#com.google.zxing.client.android.ENCODE
ADDED from src\main\AndroidManifest.xml:71:9-72
	android:name
		ADDED from src\main\AndroidManifest.xml:71:17-70
intent-filter#action:name:android.intent.action.SEND+category:name:android.intent.category.DEFAULT+data:mimeType:text/x-vcard
ADDED from src\main\AndroidManifest.xml:75:7-79:23
action#android.intent.action.SEND
ADDED from src\main\AndroidManifest.xml:76:9-60
	android:name
		ADDED from src\main\AndroidManifest.xml:76:17-58
intent-filter#action:name:android.intent.action.SEND+category:name:android.intent.category.DEFAULT+data:mimeType:text/plain
ADDED from src\main\AndroidManifest.xml:81:7-85:23
activity#com.kaixinlian.wjs.com.HistoryActivity
ADDED from src\main\AndroidManifest.xml:87:5-89:40
	android:stateNotNeeded
		ADDED from src\main\AndroidManifest.xml:89:9-38
	android:label
		ADDED from src\main\AndroidManifest.xml:88:9-46
	android:name
		ADDED from src\main\AndroidManifest.xml:87:15-68
activity#com.kanixnlian.wjs.test.TestActivity
ADDED from src\main\AndroidManifest.xml:90:5-95:16
	android:name
		ADDED from src\main\AndroidManifest.xml:90:15-66
intent-filter#action:name:android.intent.action.MAIN+category:name:android.intent.category.LAUNCHER
ADDED from src\main\AndroidManifest.xml:91:7-94:23
action#android.intent.action.MAIN
ADDED from src\main\AndroidManifest.xml:92:9-60
	android:name
		ADDED from src\main\AndroidManifest.xml:92:17-58
category#android.intent.category.LAUNCHER
ADDED from src\main\AndroidManifest.xml:93:9-68
	android:name
		ADDED from src\main\AndroidManifest.xml:93:19-66
uses-sdk
INJECTED from src\main\AndroidManifest.xml reason: use-sdk injection requested
INJECTED from src\main\AndroidManifest.xml
INJECTED from src\main\AndroidManifest.xml
MERGED from [:qrlib] AndroidManifest.xml:7:5-9:41
MERGED from [:qrlib] AndroidManifest.xml:7:5-9:41
INJECTED from src\main\AndroidManifest.xml
INJECTED from src\main\AndroidManifest.xml
	android:targetSdkVersion
		INJECTED from src\main\AndroidManifest.xml
		ADDED from src\main\AndroidManifest.xml
		INJECTED from src\main\AndroidManifest.xml
	android:minSdkVersion
		INJECTED from src\main\AndroidManifest.xml
		ADDED from src\main\AndroidManifest.xml
		INJECTED from src\main\AndroidManifest.xml
uses-permission#android.permission.VIBRATE
ADDED from [:qrlib] AndroidManifest.xml:11:5-66
	android:name
		ADDED from [:qrlib] AndroidManifest.xml:11:22-63
uses-permission#android.permission.CAMERA
ADDED from [:qrlib] AndroidManifest.xml:12:5-65
	android:name
		ADDED from [:qrlib] AndroidManifest.xml:12:22-62
uses-permission#android.permission.INTERNET
ADDED from [:qrlib] AndroidManifest.xml:13:5-67
	android:name
		ADDED from [:qrlib] AndroidManifest.xml:13:22-64
uses-permission#android.permission.FLASHLIGHT
ADDED from [:qrlib] AndroidManifest.xml:15:5-69
	android:name
		ADDED from [:qrlib] AndroidManifest.xml:15:22-66
uses-permission#android.permission.READ_CONTACTS
ADDED from [:qrlib] AndroidManifest.xml:16:5-72
	android:name
		ADDED from [:qrlib] AndroidManifest.xml:16:22-69
uses-permission#com.android.browser.permission.READ_HISTORY_BOOKMARKS
ADDED from [:qrlib] AndroidManifest.xml:18:5-93
	android:name
		ADDED from [:qrlib] AndroidManifest.xml:18:22-90
uses-permission#android.permission.WRITE_EXTERNAL_STORAGE
ADDED from [:qrlib] AndroidManifest.xml:19:5-81
	android:name
		ADDED from [:qrlib] AndroidManifest.xml:19:22-78
uses-permission#android.permission.CHANGE_WIFI_STATE
ADDED from [:qrlib] AndroidManifest.xml:20:5-76
	android:name
		ADDED from [:qrlib] AndroidManifest.xml:20:22-73
uses-permission#android.permission.ACCESS_WIFI_STATE
ADDED from [:qrlib] AndroidManifest.xml:21:5-76
	android:name
		ADDED from [:qrlib] AndroidManifest.xml:21:22-73
uses-feature#android.hardware.camera.any
ADDED from [:qrlib] AndroidManifest.xml:23:5-64
	android:name
		ADDED from [:qrlib] AndroidManifest.xml:23:19-61
uses-feature#android.hardware.camera.autofocus
ADDED from [:qrlib] AndroidManifest.xml:24:5-26:36
	android:required
		ADDED from [:qrlib] AndroidManifest.xml:26:9-33
	android:name
		ADDED from [:qrlib] AndroidManifest.xml:25:9-57
uses-feature#android.hardware.camera.flash
ADDED from [:qrlib] AndroidManifest.xml:27:5-29:36
	android:required
		ADDED from [:qrlib] AndroidManifest.xml:29:9-33
	android:name
		ADDED from [:qrlib] AndroidManifest.xml:28:9-53
uses-feature#android.hardware.screen.landscape
ADDED from [:qrlib] AndroidManifest.xml:30:5-70
	android:name
		ADDED from [:qrlib] AndroidManifest.xml:30:19-67
uses-feature#android.hardware.wifi
ADDED from [:qrlib] AndroidManifest.xml:31:5-33:36
	android:required
		ADDED from [:qrlib] AndroidManifest.xml:33:9-33
	android:name
		ADDED from [:qrlib] AndroidManifest.xml:32:9-45
activity#com.google.zxing.client.android.PreferencesActivity
ADDED from [:qrlib] AndroidManifest.xml:36:9-39:45
	android:stateNotNeeded
		ADDED from [:qrlib] AndroidManifest.xml:39:13-42
	android:label
		ADDED from [:qrlib] AndroidManifest.xml:38:13-53
	android:name
		ADDED from [:qrlib] AndroidManifest.xml:37:13-79
activity#com.google.zxing.client.android.book.SearchBookContentsActivity
ADDED from [:qrlib] AndroidManifest.xml:40:9-50:20
	android:screenOrientation
		ADDED from [:qrlib] AndroidManifest.xml:43:13-56
	android:stateNotNeeded
		ADDED from [:qrlib] AndroidManifest.xml:44:13-42
	android:label
		ADDED from [:qrlib] AndroidManifest.xml:42:13-45
	android:name
		ADDED from [:qrlib] AndroidManifest.xml:41:13-91
intent-filter#action:name:com.google.zxing.client.android.SEARCH_BOOK_CONTENTS+category:name:android.intent.category.DEFAULT
ADDED from [:qrlib] AndroidManifest.xml:45:13-49:29
action#com.google.zxing.client.android.SEARCH_BOOK_CONTENTS
ADDED from [:qrlib] AndroidManifest.xml:46:17-95
	android:name
		ADDED from [:qrlib] AndroidManifest.xml:46:25-92
activity#com.google.zxing.client.android.share.ShareActivity
ADDED from [:qrlib] AndroidManifest.xml:51:9-60:20
	android:screenOrientation
		ADDED from [:qrlib] AndroidManifest.xml:53:13-45
	android:stateNotNeeded
		ADDED from [:qrlib] AndroidManifest.xml:54:13-42
	android:name
		ADDED from [:qrlib] AndroidManifest.xml:52:13-79
intent-filter#action:name:com.google.zxing.client.android.SHARE+category:name:android.intent.category.DEFAULT
ADDED from [:qrlib] AndroidManifest.xml:55:13-59:29
action#com.google.zxing.client.android.SHARE
ADDED from [:qrlib] AndroidManifest.xml:56:17-80
	android:name
		ADDED from [:qrlib] AndroidManifest.xml:56:25-77
activity#com.google.zxing.client.android.share.BookmarkPickerActivity
ADDED from [:qrlib] AndroidManifest.xml:61:9-64:45
	android:stateNotNeeded
		ADDED from [:qrlib] AndroidManifest.xml:64:13-42
	android:label
		ADDED from [:qrlib] AndroidManifest.xml:63:13-57
	android:name
		ADDED from [:qrlib] AndroidManifest.xml:62:13-88
activity#com.google.zxing.client.android.share.AppPickerActivity
ADDED from [:qrlib] AndroidManifest.xml:65:9-68:45
	android:stateNotNeeded
		ADDED from [:qrlib] AndroidManifest.xml:68:13-42
	android:label
		ADDED from [:qrlib] AndroidManifest.xml:67:13-52
	android:name
		ADDED from [:qrlib] AndroidManifest.xml:66:13-83
activity#com.google.zxing.client.android.HelpActivity
ADDED from [:qrlib] AndroidManifest.xml:69:9-73:45
	android:screenOrientation
		ADDED from [:qrlib] AndroidManifest.xml:72:13-45
	android:stateNotNeeded
		ADDED from [:qrlib] AndroidManifest.xml:73:13-42
	android:label
		ADDED from [:qrlib] AndroidManifest.xml:71:13-46
	android:name
		ADDED from [:qrlib] AndroidManifest.xml:70:13-72